#
# There is insufficient memory for the Java Runtime Environment to continue.
# Native memory allocation (mmap) failed to map 130023424 bytes for G1 virtual space
# Possible reasons:
#   The system is out of physical RAM or swap space
#   The process is running with CompressedOops enabled, and the Java Heap may be blocking the growth of the native heap
# Possible solutions:
#   Reduce memory load on the system
#   Increase physical memory or swap space
#   Check if swap backing store is full
#   Decrease Java heap size (-Xmx/-Xms)
#   Decrease number of Java threads
#   Decrease Java thread stack sizes (-Xss)
#   Set larger code cache with -XX:ReservedCodeCacheSize=
#   JVM is running with Unscaled Compressed Oops mode in which the Java heap is
#     placed in the first 4GB address space. The Java Heap base address is the
#     maximum limit for the native heap growth. Please use -XX:HeapBaseMinAddress
#     to set the Java Heap base and to place the Java Heap above 4GB virtual address.
# This output file may be truncated or incomplete.
#
#  Out of Memory Error (os_windows.cpp:3548), pid=14788, tid=13916
#
# JRE version:  (17.0.11+7) (build )
# Java VM: Java HotSpot(TM) 64-Bit Server VM (17.0.11+7-LTS-207, mixed mode, sharing, tiered, compressed oops, compressed class ptrs, g1 gc, windows-amd64)
# No core dump will be written. Minidumps are not enabled by default on client versions of Windows
#

---------------  S U M M A R Y ------------

Command Line: C:\Users\anosi\AppData\Local\Temp\surefire2657775273800310010\surefirebooter-20250716014425481_3.jar C:\Users\anosi\AppData\Local\Temp\surefire2657775273800310010 2025-07-16T01-44-21_711-jvmRun1 surefire-20250716014425481_1tmp surefire_0-20250716014425481_2tmp

Host: Intel(R) Celeron(R) N4020 CPU @ 1.10GHz, 2 cores, 7G,  Windows 11 , 64 bit Build 22621 (10.0.22621.5415)
Time: Wed Jul 16 01:44:26 2025 South Africa Standard Time elapsed time: 0.115402 seconds (0d 0h 0m 0s)

---------------  T H R E A D  ---------------

Current thread (0x0000011b9b42ef80):  JavaThread "Unknown thread" [_thread_in_vm, id=13916, stack(0x00000008a2700000,0x00000008a2800000)]

Stack: [0x00000008a2700000,0x00000008a2800000]
Native frames: (J=compiled Java code, j=interpreted, Vv=VM code, C=native code)
V  [jvm.dll+0x679cca]
V  [jvm.dll+0x7da13d]
V  [jvm.dll+0x7dba83]
V  [jvm.dll+0x7dc0f3]
V  [jvm.dll+0x2449af]
V  [jvm.dll+0x676ce9]
V  [jvm.dll+0x66b852]
V  [jvm.dll+0x3018d6]
V  [jvm.dll+0x308e76]
V  [jvm.dll+0x3596ee]
V  [jvm.dll+0x35991f]
V  [jvm.dll+0x2d89a8]
V  [jvm.dll+0x2d9914]
V  [jvm.dll+0x7ac6b1]
V  [jvm.dll+0x366f61]
V  [jvm.dll+0x78b609]
V  [jvm.dll+0x3ec22f]
V  [jvm.dll+0x3ede61]
C  [jli.dll+0x5297]
C  [ucrtbase.dll+0x29333]
C  [KERNEL32.DLL+0x1259d]
C  [ntdll.dll+0x5af78]


---------------  P R O C E S S  ---------------

Threads class SMR info:
_java_thread_list=0x00007ffe449b7a18, length=0, elements={
}

Java Threads: ( => current thread )

Other Threads:
  0x0000011b9b487090 GCTaskThread "GC Thread#0" [stack: 0x00000008a2800000,0x00000008a2900000] [id=6344]
  0x0000011b9b4974e0 ConcurrentGCThread "G1 Main Marker" [stack: 0x00000008a2900000,0x00000008a2a00000] [id=10160]
  0x0000011b9b497ef0 ConcurrentGCThread "G1 Conc#0" [stack: 0x00000008a2a00000,0x00000008a2b00000] [id=15664]

[error occurred during error reporting (printing all threads), id 0xc0000005, EXCEPTION_ACCESS_VIOLATION (0xc0000005) at pc=0x00007ffe441e9497]

VM state: not at safepoint (not fully initialized)

VM Mutex/Monitor currently owned by a thread:  ([mutex/lock_event])
[0x0000011b9b429f30] Heap_lock - owner thread: 0x0000011b9b42ef80

Heap address: 0x0000000085800000, size: 1960 MB, Compressed Oops mode: 32-bit

CDS archive(s) mapped at: [0x0000000000000000-0x0000000000000000-0x0000000000000000), size 0, SharedBaseAddress: 0x0000000800000000, ArchiveRelocationMode: 1.
Narrow klass base: 0x0000000000000000, Narrow klass shift: 0, Narrow klass range: 0x0

GC Precious Log:
<Empty>

Heap:
 garbage-first heap   total 0K, used 0K [0x0000000085800000, 0x0000000100000000)
  region size 1024K, 0 young (0K), 0 survivors (0K)

[error occurred during error reporting (printing heap information), id 0xc0000005, EXCEPTION_ACCESS_VIOLATION (0xc0000005) at pc=0x00007ffe445d3559]

GC Heap History (0 events):
No events

Deoptimization events (0 events):
No events

Classes unloaded (0 events):
No events

Classes redefined (0 events):
No events

Internal exceptions (0 events):
No events

VM Operations (0 events):
No events

Events (1 events):
Event: 0.030 Loaded shared library C:\Program Files\Java\jdk-17\bin\java.dll


Dynamic libraries:
0x00007ff7dcc40000 - 0x00007ff7dcc50000 	C:\Program Files\Java\jdk-17\bin\java.exe
0x00007ffea2e70000 - 0x00007ffea3087000 	C:\Windows\SYSTEM32\ntdll.dll
0x00007ffea2130000 - 0x00007ffea21f4000 	C:\Windows\System32\KERNEL32.DLL
0x00007ffea04c0000 - 0x00007ffea0892000 	C:\Windows\System32\KERNELBASE.dll
0x00007ffea08a0000 - 0x00007ffea09b1000 	C:\Windows\System32\ucrtbase.dll
0x00007ffe8cdc0000 - 0x00007ffe8cdd9000 	C:\Program Files\Java\jdk-17\bin\jli.dll
0x00007ffea2560000 - 0x00007ffea2611000 	C:\Windows\System32\ADVAPI32.dll
0x00007ffea0c00000 - 0x00007ffea0ca7000 	C:\Windows\System32\msvcrt.dll
0x00007ffea2bc0000 - 0x00007ffea2c68000 	C:\Windows\System32\sechost.dll
0x00007ffea0330000 - 0x00007ffea0358000 	C:\Windows\System32\bcrypt.dll
0x00007ffea0e00000 - 0x00007ffea0f14000 	C:\Windows\System32\RPCRT4.dll
0x00007ffea23a0000 - 0x00007ffea2551000 	C:\Windows\System32\USER32.dll
0x00007ffea0090000 - 0x00007ffea00b6000 	C:\Windows\System32\win32u.dll
0x00007ffea2d90000 - 0x00007ffea2db9000 	C:\Windows\System32\GDI32.dll
0x00007ffe9ff60000 - 0x00007ffea0083000 	C:\Windows\System32\gdi32full.dll
0x00007ffea0360000 - 0x00007ffea03fa000 	C:\Windows\System32\msvcp_win.dll
0x00007ffe859c0000 - 0x00007ffe859db000 	C:\Program Files\Java\jdk-17\bin\VCRUNTIME140.dll
0x00007ffe8b6b0000 - 0x00007ffe8b94b000 	C:\Windows\WinSxS\amd64_microsoft.windows.common-controls_6595b64144ccf1df_6.0.22621.5415_none_270d77d17387d7da\COMCTL32.dll
0x00007ffe99700000 - 0x00007ffe9970a000 	C:\Windows\SYSTEM32\VERSION.dll
0x00007ffea0cb0000 - 0x00007ffea0ce1000 	C:\Windows\System32\IMM32.DLL
0x00007ffe9a850000 - 0x00007ffe9a85c000 	C:\Program Files\Java\jdk-17\bin\vcruntime140_1.dll
0x00007ffe85800000 - 0x00007ffe8588e000 	C:\Program Files\Java\jdk-17\bin\msvcp140.dll
0x00007ffe43f00000 - 0x00007ffe44ae0000 	C:\Program Files\Java\jdk-17\bin\server\jvm.dll
0x00007ffea2d80000 - 0x00007ffea2d88000 	C:\Windows\System32\PSAPI.DLL
0x00007ffe8ca70000 - 0x00007ffe8ca79000 	C:\Windows\SYSTEM32\WSOCK32.dll
0x00007ffea2c70000 - 0x00007ffea2ce1000 	C:\Windows\System32\WS2_32.dll
0x00007ffe99d50000 - 0x00007ffe99d84000 	C:\Windows\SYSTEM32\WINMM.dll
0x00007ffe9ef50000 - 0x00007ffe9ef68000 	C:\Windows\SYSTEM32\kernel.appcore.dll
0x00007ffe99a60000 - 0x00007ffe99a6a000 	C:\Program Files\Java\jdk-17\bin\jimage.dll
0x00007ffe9d8f0000 - 0x00007ffe9db23000 	C:\Windows\SYSTEM32\DBGHELP.DLL
0x00007ffea26c0000 - 0x00007ffea2a53000 	C:\Windows\System32\combase.dll
0x00007ffea1df0000 - 0x00007ffea1ec7000 	C:\Windows\System32\OLEAUT32.dll
0x00007ffe84cf0000 - 0x00007ffe84d22000 	C:\Windows\SYSTEM32\dbgcore.DLL
0x00007ffea0230000 - 0x00007ffea02ab000 	C:\Windows\System32\bcryptPrimitives.dll
0x00007ffe85510000 - 0x00007ffe85535000 	C:\Program Files\Java\jdk-17\bin\java.dll

dbghelp: loaded successfully - version: 4.0.5 - missing functions: none
symbol engine: initialized successfully - sym options: 0x614 - pdb path: .;C:\Program Files\Java\jdk-17\bin;C:\Windows\SYSTEM32;C:\Windows\WinSxS\amd64_microsoft.windows.common-controls_6595b64144ccf1df_6.0.22621.5415_none_270d77d17387d7da;C:\Program Files\Java\jdk-17\bin\server

VM Arguments:
java_command: C:\Users\anosi\AppData\Local\Temp\surefire2657775273800310010\surefirebooter-20250716014425481_3.jar C:\Users\anosi\AppData\Local\Temp\surefire2657775273800310010 2025-07-16T01-44-21_711-jvmRun1 surefire-20250716014425481_1tmp surefire_0-20250716014425481_2tmp
java_class_path (initial): C:\Users\anosi\AppData\Local\Temp\surefire2657775273800310010\surefirebooter-20250716014425481_3.jar
Launcher Type: SUN_STANDARD

[Global flags]
     intx CICompilerCount                          = 2                                         {product} {ergonomic}
     uint ConcGCThreads                            = 1                                         {product} {ergonomic}
     uint G1ConcRefinementThreads                  = 2                                         {product} {ergonomic}
   size_t G1HeapRegionSize                         = 1048576                                   {product} {ergonomic}
    uintx GCDrainStackTargetSize                   = 64                                        {product} {ergonomic}
   size_t InitialHeapSize                          = 130023424                                 {product} {ergonomic}
   size_t MarkStackSize                            = 4194304                                   {product} {ergonomic}
   size_t MaxHeapSize                              = 2055208960                                {product} {ergonomic}
   size_t MinHeapDeltaBytes                        = 1048576                                   {product} {ergonomic}
   size_t MinHeapSize                              = 8388608                                   {product} {ergonomic}
    uintx NonNMethodCodeHeapSize                   = 5826188                                {pd product} {ergonomic}
    uintx NonProfiledCodeHeapSize                  = 122916026                              {pd product} {ergonomic}
    uintx ProfiledCodeHeapSize                     = 122916026                              {pd product} {ergonomic}
    uintx ReservedCodeCacheSize                    = 251658240                              {pd product} {ergonomic}
     bool SegmentedCodeCache                       = true                                      {product} {ergonomic}
   size_t SoftMaxHeapSize                          = 2055208960                             {manageable} {ergonomic}
     bool UseCompressedClassPointers               = true                           {product lp64_product} {ergonomic}
     bool UseCompressedOops                        = true                           {product lp64_product} {ergonomic}
     bool UseG1GC                                  = true                                      {product} {ergonomic}
     bool UseLargePagesIndividualAllocation        = false                                  {pd product} {ergonomic}

Logging:
Log output configuration:
 #0: stdout all=warning uptime,level,tags
 #1: stderr all=off uptime,level,tags

Environment Variables:
PATH=C:/eclipse//plugins/org.eclipse.justj.openjdk.hotspot.jre.full.win32.x86_64_17.0.9.v20231028-0858/jre/bin/server;C:/eclipse//plugins/org.eclipse.justj.openjdk.hotspot.jre.full.win32.x86_64_17.0.9.v20231028-0858/jre/bin;C:\Program Files\Common Files\Oracle\Java\javapath;C:\Program Files (x86)\Common Files\Oracle\Java\java8path;C:\Program Files (x86)\Common Files\Oracle\Java\javapath;C:\Windows\system32;C:\Windows;C:\Windows\System32\Wbem;C:\Windows\System32\WindowsPowerShell\v1.0\;C:\Windows\System32\OpenSSH\;%JAVA_HOME%\bin;C:\apache-maven-3.9.6\bin;C:\Program Files\nodejs\;C:\Users\anosi\AppData\Roaming\npm;C:\Users\anosi\AppData\Roaming\npm;C:\Program Files\Git\cmd;C:\Program Files\Docker\Docker\resources\bin;C:\Program Files\MySQL\MySQL Shell 8.0\bin\;C:\Users\anosi\AppData\Local\Microsoft\WindowsApps;C:\Users\anosi\AppData\Local\Programs\Microsoft VS Code\bin;C:\Users\anosi\AppData\Roaming\npm;C:\eclipse;
USERNAME=anosi
OS=Windows_NT
PROCESSOR_IDENTIFIER=Intel64 Family 6 Model 122 Stepping 8, GenuineIntel



---------------  S Y S T E M  ---------------

OS:
 Windows 11 , 64 bit Build 22621 (10.0.22621.5415)
OS uptime: 13 days 20:14 hours
Hyper-V role detected

CPU: total 2 (initial active 2) (2 cores per cpu, 1 threads per core) family 6 model 122 stepping 8 microcode 0x20, cx8, cmov, fxsr, mmx, 3dnowpref, sse, sse2, sse3, ssse3, sse4.1, sse4.2, popcnt, tsc, tscinvbit, aes, erms, clmul, sha, clflush, clflushopt, hv

Memory: 4k page, system-wide physical 7833M (353M free)
TotalPageFile size 19929M (AvailPageFile size 149M)
current process WorkingSet (physical memory assigned to process): 11M, peak: 11M
current process commit charge ("private bytes"): 47M, peak: 171M

vm_info: Java HotSpot(TM) 64-Bit Server VM (17.0.11+7-LTS-207) for windows-amd64 JRE (17.0.11+7-LTS-207), built on Mar 11 2024 19:01:50 by "mach5one" with MS VC++ 17.6 (VS2022)

END.
